<?xml version="1.0" encoding="UTF-8"?>
<testng-results ignored="0" total="1" passed="1" failed="0" skipped="0">
  <reporter-output>
  </reporter-output>
  <suite started-at="2021-11-19T21:09:35 IST" name="Suite" finished-at="2021-11-19T21:09:58 IST" duration-ms="23532">
    <groups>
    </groups>
    <test started-at="2021-11-19T21:09:35 IST" name="Test" finished-at="2021-11-19T21:09:58 IST" duration-ms="23532">
      <class name="Day1.LoadAmazon">
        <test-method signature="f()[pri:0, instance:Day1.LoadAmazon@50caa560]" started-at="2021-11-19T21:09:35 IST" name="f" finished-at="2021-11-19T21:09:58 IST" duration-ms="23466" status="PASS">
          <reporter-output>
          </reporter-output>
        </test-method> <!-- f -->
      </class> <!-- Day1.LoadAmazon -->
    </test> <!-- Test -->
  </suite> <!-- Suite -->
</testng-results>
